<?xml version="1.0" encoding="UTF-8"?>
<testsuite name="runner.TestRunner" time="0.003" tests="24" errors="0" skipped="0" failures="0">
  <properties>
[...]
</properties>
  <testcase name="Given Open Chrome and launch Facebook" classname="Scenario: Login to Facebook with Valid Credentials - No Parameter" time="0.003"/>
  <testcase name="When User Enter valid UserName and Password" classname="Scenario: Login to Facebook with Valid Credentials - No Parameter" time="0"/>
  <testcase name="And Click login button" classname="Scenario: Login to Facebook with Valid Credentials - No Parameter" time="0"/>
  <testcase name="Then User should login successfully" classname="Scenario: Login to Facebook with Valid Credentials - No Parameter" time="0"/>
  <testcase name="And Close Browser" classname="Scenario: Login to Facebook with Valid Credentials - No Parameter" time="0"/>
  <testcase name="Scenario: Login to Facebook with Valid Credentials - No Parameter" classname="Scenario: Login to Facebook with Valid Credentials - No Parameter" time="0"/>
  <testcase name="Given Open Chrome and launch Facebook" classname="Scenario: Login to Facebook with Valid Credentials - with Parameter" time="0"/>
  <testcase name="When User Enter valid &quot;UserName&quot; and &quot;Password&quot;" classname="Scenario: Login to Facebook with Valid Credentials - with Parameter" time="0"/>
  <testcase name="And Click login button" classname="Scenario: Login to Facebook with Valid Credentials - with Parameter" time="0"/>
  <testcase name="Then User should login successfully" classname="Scenario: Login to Facebook with Valid Credentials - with Parameter" time="0"/>
  <testcase name="And Close Browser" classname="Scenario: Login to Facebook with Valid Credentials - with Parameter" time="0"/>
  <testcase name="Scenario: Login to Facebook with Valid Credentials - with Parameter" classname="Scenario: Login to Facebook with Valid Credentials - with Parameter" time="0"/>
  <testcase name="Given Open Chrome and launch Facebook" classname="| SwapOne | PasswordOne |" time="0"/>
  <testcase name="When User Enter valid &quot;SwapOne&quot; and &quot;PasswordOne&quot;" classname="| SwapOne | PasswordOne |" time="0"/>
  <testcase name="And Click login button" classname="| SwapOne | PasswordOne |" time="0"/>
  <testcase name="Then User should login successfully" classname="| SwapOne | PasswordOne |" time="0"/>
  <testcase name="And Close Browser" classname="| SwapOne | PasswordOne |" time="0"/>
  <testcase name="| SwapOne | PasswordOne |" classname="| SwapOne | PasswordOne |" time="0"/>
  <testcase name="Given Open Chrome and launch Facebook" classname="| SwapTwo | PasswordTwo |" time="0"/>
  <testcase name="When User Enter valid &quot;SwapTwo&quot; and &quot;PasswordTwo&quot;" classname="| SwapTwo | PasswordTwo |" time="0"/>
  <testcase name="And Click login button" classname="| SwapTwo | PasswordTwo |" time="0"/>
  <testcase name="Then User should login successfully" classname="| SwapTwo | PasswordTwo |" time="0"/>
  <testcase name="And Close Browser" classname="| SwapTwo | PasswordTwo |" time="0"/>
  <testcase name="| SwapTwo | PasswordTwo |" classname="| SwapTwo | PasswordTwo |" time="0"/>
</testsuite>