<?xml version="1.0" encoding="UTF-8"?>
<testng-results skipped="0" failed="0" total="1" passed="1">
  <reporter-output>
  </reporter-output>
  <suite name="Default suite" duration-ms="163276" started-at="2018-05-06T08:05:32Z" finished-at="2018-05-06T08:08:15Z">
    <groups>
      <group name="cucumber">
        <method signature="AbstractTestNGCucumberTests.feature(cucumber.api.testng.CucumberFeatureWrapper)[pri:0, instance:runners.Facebook_TestRunner@13deb50e]" name="feature" class="cucumber.api.testng.AbstractTestNGCucumberTests"/>
      </group> <!-- cucumber -->
    </groups>
    <test name="Default test" duration-ms="163276" started-at="2018-05-06T08:05:32Z" finished-at="2018-05-06T08:08:15Z">
      <class name="runners.Facebook_TestRunner">
        <test-method status="PASS" signature="setUpClass()[pri:0, instance:runners.Facebook_TestRunner@13deb50e]" name="setUpClass" is-config="true" duration-ms="376" started-at="2018-05-06T13:35:32Z" finished-at="2018-05-06T13:35:32Z">
          <reporter-output>
          </reporter-output>
        </test-method> <!-- setUpClass -->
        <test-method status="PASS" signature="feature(cucumber.api.testng.CucumberFeatureWrapper)[pri:0, instance:runners.Facebook_TestRunner@13deb50e]" name="feature" duration-ms="162548" started-at="2018-05-06T13:35:32Z" description="Runs Cucumber Feature" data-provider="features" finished-at="2018-05-06T13:38:15Z">
          <params>
            <param index="0">
              <value>
                <![CDATA[Facebook login Feature]]>
              </value>
            </param>
          </params>
          <reporter-output>
          </reporter-output>
        </test-method> <!-- feature -->
        <test-method status="PASS" signature="tearDownClass()[pri:0, instance:runners.Facebook_TestRunner@13deb50e]" name="tearDownClass" is-config="true" duration-ms="99" started-at="2018-05-06T13:38:15Z" finished-at="2018-05-06T13:38:15Z">
          <reporter-output>
          </reporter-output>
        </test-method> <!-- tearDownClass -->
      </class> <!-- runners.Facebook_TestRunner -->
    </test> <!-- Default test -->
  </suite> <!-- Default suite -->
</testng-results>
